{
  "0 debug pnpm:scope": {
    "selected": 1
  },
  "1 debug pnpm:package-manifest": {
    "initial": {},
    "prefix": "/home/gitpod/.nvm/versions/node/v16.14.2/pnpm-global/5"
  },
  "2 debug pnpm:context": {
    "currentLockfileExists": false,
    "storeDir": "/home/gitpod/.pnpm-store/v3",
    "virtualStoreDir": "/home/gitpod/.nvm/versions/node/v16.14.2/pnpm-global/5/node_modules/.pnpm"
  },
  "3 debug pnpm:stage": {
    "prefix": "/home/gitpod/.nvm/versions/node/v16.14.2/pnpm-global/5",
    "stage": "resolution_started"
  },
  "4 debug pnpm:update-check": {
    "currentVersion": "6.32.6",
    "latestVersion": "6.32.10"
  },
  "5 error pnpm": {
    "code": "ERR_PNPM_FETCH_404",
    "hint": "node-pre-gup is not in the npm registry, or you have no permission to fetch it.\n\nNo authorization header was set for the request.",
    "request": {
      "url": "https://registry.npmjs.org/node-pre-gup"
    },
    "response": {
      "size": 0
    },
    "pkgName": "node-pre-gup",
    "pkgsStack": [],
    "err": {
      "name": "pnpm",
      "message": "GET https://registry.npmjs.org/node-pre-gup: Not Found - 404",
      "code": "ERR_PNPM_FETCH_404",
      "stack": "pnpm: GET https://registry.npmjs.org/node-pre-gup: Not Found - 404\n    at RetryOperation._fn (/home/gitpod/.nvm/versions/node/v16.14.2/lib/node_modules/pnpm/dist/pnpm.cjs:85721:19)\n    at processTicksAndRejections (node:internal/process/task_queues:96:5)"
    }
  }
}