{
  "0 debug pnpm:scope": {
    "selected": 1
  },
  "1 error pnpm": {
    "code": "ELIFECYCLE",
    "errno": "ENOENT",
    "syscall": "spawn",
    "file": "sh",
    "pkgid": "example@1.0.0",
    "stage": "dev",
    "script": "nodemon -q --exec \"npm run start\" src/index.ts",
    "pkgname": "example",
    "err": {
      "name": "pnpm",
      "message": "example@1.0.0 dev: `nodemon -q --exec \"npm run start\" src/index.ts`\nspawn ENOENT",
      "code": "ELIFECYCLE",
      "stack": "pnpm: example@1.0.0 dev: `nodemon -q --exec \"npm run start\" src/index.ts`\nspawn ENOENT\n    at ChildProcess.<anonymous> (/snapshot/dist/pnpm.cjs)\n    at ChildProcess.emit (events.js:400:28)\n    at maybeClose (internal/child_process.js:1088:16)\n    at Process.ChildProcess._handle.onexit (internal/child_process.js:296:5)"
    }
  }
}